c:\users\kaios\source\repos\iocpserver\iocpserver\x64\debug\iocpserver.pch
c:\users\kaios\source\repos\iocpserver\iocpserver\x64\debug\vc141.pdb
c:\users\kaios\source\repos\iocpserver\iocpserver\x64\debug\vc141.idb
c:\users\kaios\source\repos\iocpserver\iocpserver\x64\debug\stdafx.obj
c:\users\kaios\source\repos\iocpserver\iocpserver\x64\debug\tinyxmlparser.obj
c:\users\kaios\source\repos\iocpserver\iocpserver\x64\debug\tinyxmlerror.obj
c:\users\kaios\source\repos\iocpserver\iocpserver\x64\debug\tinyxml.obj
c:\users\kaios\source\repos\iocpserver\iocpserver\x64\debug\tinystr.obj
c:\users\kaios\source\repos\iocpserver\iocpserver\x64\debug\session.obj
c:\users\kaios\source\repos\iocpserver\iocpserver\x64\debug\server.obj
c:\users\kaios\source\repos\iocpserver\iocpserver\x64\debug\packetprocess.obj
c:\users\kaios\source\repos\iocpserver\iocpserver\x64\debug\packetmaker.obj
c:\users\kaios\source\repos\iocpserver\iocpserver\x64\debug\main.obj
c:\users\kaios\source\repos\iocpserver\iocpserver\x64\debug\database.obj
c:\users\kaios\source\repos\iocpserver\iocpserver\x64\debug\contentsprocess.obj
c:\users\kaios\source\repos\iocpserver\iocpserver\x64\debug\clock.obj
c:\users\kaios\source\repos\iocpserver\x64\debug\iocpserver.pdb
c:\users\kaios\source\repos\iocpserver\iocpserver\x64\debug\iocpserver.tlog\cl.command.1.tlog
c:\users\kaios\source\repos\iocpserver\iocpserver\x64\debug\iocpserver.tlog\cl.read.1.tlog
c:\users\kaios\source\repos\iocpserver\iocpserver\x64\debug\iocpserver.tlog\cl.write.1.tlog
c:\users\kaios\source\repos\iocpserver\iocpserver\x64\debug\iocpserver.tlog\link-cvtres.read.1.tlog
c:\users\kaios\source\repos\iocpserver\iocpserver\x64\debug\iocpserver.tlog\link-cvtres.write.1.tlog
c:\users\kaios\source\repos\iocpserver\iocpserver\x64\debug\iocpserver.tlog\link-rc.read.1.tlog
c:\users\kaios\source\repos\iocpserver\iocpserver\x64\debug\iocpserver.tlog\link-rc.write.1.tlog
c:\users\kaios\source\repos\iocpserver\iocpserver\x64\debug\iocpserver.tlog\link.command.1.tlog
c:\users\kaios\source\repos\iocpserver\iocpserver\x64\debug\iocpserver.tlog\link.read.1.tlog
c:\users\kaios\source\repos\iocpserver\iocpserver\x64\debug\iocpserver.tlog\link.write.1.tlog
